# JRE version: 7.0_25-b16
# Java VM: Java HotSpot(TM) Client VM (23.25-b01 mixed mode windows-x86 )
Heap
 def new generation   total 7040K, used 6044K [0x045c0000, 0x04d60000, 0x09b10000)
  eden space 6272K,  93% used [0x045c0000, 0x04b7ed50, 0x04be0000)
  from space 768K,  20% used [0x04ca0000, 0x04cc82f8, 0x04d60000)
  to   space 768K,   0% used [0x04be0000, 0x04be0000, 0x04ca0000)
 tenured generation   total 15536K, used 6841K [0x09b10000, 0x0aa3c000, 0x145c0000)
   the space 15536K,  44% used [0x09b10000, 0x0a1be770, 0x0a1be800, 0x0aa3c000)
 compacting perm gen  total 12288K, used 8659K [0x145c0000, 0x151c0000, 0x185c0000)
   the space 12288K,  70% used [0x145c0000, 0x14e34d78, 0x14e34e00, 0x151c0000)
GC Heap History (10 events):
Event: 41.880 GC heap before
{Heap before GC invocations=59 (full 7):
 def new generation   total 7040K, used 6434K [0x045c0000, 0x04d60000, 0x09b10000)
  eden space 6272K, 100% used [0x045c0000, 0x04be0000, 0x04be0000)
  from space 768K,  21% used [0x04be0000, 0x04c08bd8, 0x04ca0000)
  to   space 768K,   0% used [0x04ca0000, 0x04ca0000, 0x04d60000)
 tenured generation   total 15536K, used 6833K [0x09b10000, 0x0aa3c000, 0x145c0000)
   the space 15536K,  43% used [0x09b10000, 0x0a1bc628, 0x0a1bc800, 0x0aa3c000)
 compacting perm gen  total 12288K, used 8658K [0x145c0000, 0x151c0000, 0x185c0000)
   the space 12288K,  70% used [0x145c0000, 0x14e34928, 0x14e34a00, 0x151c0000)
No shared spaces configured.
Event: 41.883 GC heap after
Heap after GC invocations=60 (full 7):
 def new generation   total 7040K, used 171K [0x045c0000, 0x04d60000, 0x09b10000)
  eden space 6272K,   0% used [0x045c0000, 0x045c0000, 0x04be0000)
  from space 768K,  22% used [0x04ca0000, 0x04ccace0, 0x04d60000)
  to   space 768K,   0% used [0x04be0000, 0x04be0000, 0x04ca0000)
 tenured generation   total 15536K, used 6833K [0x09b10000, 0x0aa3c000, 0x145c0000)
   the space 15536K,  43% used [0x09b10000, 0x0a1bc628, 0x0a1bc800, 0x0aa3c000)
 compacting perm gen  total 12288K, used 8658K [0x145c0000, 0x151c0000, 0x185c0000)
   the space 12288K,  70% used [0x145c0000, 0x14e34928, 0x14e34a00, 0x151c0000)
No shared spaces configured.
}
Event: 42.591 GC heap before
{Heap before GC invocations=60 (full 7):
 def new generation   total 7040K, used 6443K [0x045c0000, 0x04d60000, 0x09b10000)
  eden space 6272K, 100% used [0x045c0000, 0x04be0000, 0x04be0000)
  from space 768K,  22% used [0x04ca0000, 0x04ccace0, 0x04d60000)
  to   space 768K,   0% used [0x04be0000, 0x04be0000, 0x04ca0000)
 tenured generation   total 15536K, used 6833K [0x09b10000, 0x0aa3c000, 0x145c0000)
   the space 15536K,  43% used [0x09b10000, 0x0a1bc628, 0x0a1bc800, 0x0aa3c000)
 compacting perm gen  total 12288K, used 8658K [0x145c0000, 0x151c0000, 0x185c0000)
   the space 12288K,  70% used [0x145c0000, 0x14e34928, 0x14e34a00, 0x151c0000)
No shared spaces configured.
Event: 42.593 GC heap after
Heap after GC invocations=61 (full 7):
 def new generation   total 7040K, used 169K [0x045c0000, 0x04d60000, 0x09b10000)
  eden space 6272K,   0% used [0x045c0000, 0x045c0000, 0x04be0000)
  from space 768K,  22% used [0x04be0000, 0x04c0a4f8, 0x04ca0000)
  to   space 768K,   0% used [0x04ca0000, 0x04ca0000, 0x04d60000)
 tenured generation   total 15536K, used 6833K [0x09b10000, 0x0aa3c000, 0x145c0000)
   the space 15536K,  43% used [0x09b10000, 0x0a1bc628, 0x0a1bc800, 0x0aa3c000)
 compacting perm gen  total 12288K, used 8658K [0x145c0000, 0x151c0000, 0x185c0000)
   the space 12288K,  70% used [0x145c0000, 0x14e34928, 0x14e34a00, 0x151c0000)
No shared spaces configured.
}
Event: 42.751 GC heap before
{Heap before GC invocations=61 (full 7):
 def new generation   total 7040K, used 6434K [0x045c0000, 0x04d60000, 0x09b10000)
  eden space 6272K,  99% used [0x045c0000, 0x04bde390, 0x04be0000)
  from space 768K,  22% used [0x04be0000, 0x04c0a4f8, 0x04ca0000)
  to   space 768K,   0% used [0x04ca0000, 0x04ca0000, 0x04d60000)
 tenured generation   total 15536K, used 6833K [0x09b10000, 0x0aa3c000, 0x145c0000)
   the space 15536K,  43% used [0x09b10000, 0x0a1bc628, 0x0a1bc800, 0x0aa3c000)
 compacting perm gen  total 12288K, used 8658K [0x145c0000, 0x151c0000, 0x185c0000)
   the space 12288K,  70% used [0x145c0000, 0x14e34928, 0x14e34a00, 0x151c0000)
No shared spaces configured.
Event: 42.753 GC heap after
Heap after GC invocations=62 (full 7):
 def new generation   total 7040K, used 200K [0x045c0000, 0x04d60000, 0x09b10000)
  eden space 6272K,   0% used [0x045c0000, 0x045c0000, 0x04be0000)
  from space 768K,  26% used [0x04ca0000, 0x04cd2028, 0x04d60000)
  to   space 768K,   0% used [0x04be0000, 0x04be0000, 0x04ca0000)
 tenured generation   total 15536K, used 6833K [0x09b10000, 0x0aa3c000, 0x145c0000)
   the space 15536K,  43% used [0x09b10000, 0x0a1bc628, 0x0a1bc800, 0x0aa3c000)
 compacting perm gen  total 12288K, used 8658K [0x145c0000, 0x151c0000, 0x185c0000)
   the space 12288K,  70% used [0x145c0000, 0x14e34928, 0x14e34a00, 0x151c0000)
No shared spaces configured.
}
Event: 43.984 GC heap before
{Heap before GC invocations=62 (full 7):
 def new generation   total 7040K, used 6472K [0x045c0000, 0x04d60000, 0x09b10000)
  eden space 6272K, 100% used [0x045c0000, 0x04be0000, 0x04be0000)
  from space 768K,  26% used [0x04ca0000, 0x04cd2028, 0x04d60000)
  to   space 768K,   0% used [0x04be0000, 0x04be0000, 0x04ca0000)
 tenured generation   total 15536K, used 6833K [0x09b10000, 0x0aa3c000, 0x145c0000)
   the space 15536K,  43% used [0x09b10000, 0x0a1bc628, 0x0a1bc800, 0x0aa3c000)
 compacting perm gen  total 12288K, used 8658K [0x145c0000, 0x151c0000, 0x185c0000)
   the space 12288K,  70% used [0x145c0000, 0x14e34938, 0x14e34a00, 0x151c0000)
No shared spaces configured.
Event: 43.985 GC heap after
Heap after GC invocations=63 (full 7):
 def new generation   total 7040K, used 213K [0x045c0000, 0x04d60000, 0x09b10000)
  eden space 6272K,   0% used [0x045c0000, 0x045c0000, 0x04be0000)
  from space 768K,  27% used [0x04be0000, 0x04c15698, 0x04ca0000)
  to   space 768K,   0% used [0x04ca0000, 0x04ca0000, 0x04d60000)
 tenured generation   total 15536K, used 6833K [0x09b10000, 0x0aa3c000, 0x145c0000)
   the space 15536K,  43% used [0x09b10000, 0x0a1bc628, 0x0a1bc800, 0x0aa3c000)
 compacting perm gen  total 12288K, used 8658K [0x145c0000, 0x151c0000, 0x185c0000)
   the space 12288K,  70% used [0x145c0000, 0x14e34938, 0x14e34a00, 0x151c0000)
No shared spaces configured.
}
Event: 44.568 GC heap before
{Heap before GC invocations=63 (full 7):
 def new generation   total 7040K, used 6484K [0x045c0000, 0x04d60000, 0x09b10000)
  eden space 6272K,  99% used [0x045c0000, 0x04bdfcc0, 0x04be0000)
  from space 768K,  27% used [0x04be0000, 0x04c15698, 0x04ca0000)
  to   space 768K,   0% used [0x04ca0000, 0x04ca0000, 0x04d60000)
 tenured generation   total 15536K, used 6833K [0x09b10000, 0x0aa3c000, 0x145c0000)
   the space 15536K,  43% used [0x09b10000, 0x0a1bc628, 0x0a1bc800, 0x0aa3c000)
 compacting perm gen  total 12288K, used 8658K [0x145c0000, 0x151c0000, 0x185c0000)
   the space 12288K,  70% used [0x145c0000, 0x14e349b8, 0x14e34a00, 0x151c0000)
No shared spaces configured.
Event: 44.569 GC heap after
Heap after GC invocations=64 (full 7):
 def new generation   total 7040K, used 160K [0x045c0000, 0x04d60000, 0x09b10000)
  eden space 6272K,   0% used [0x045c0000, 0x045c0000, 0x04be0000)
  from space 768K,  20% used [0x04ca0000, 0x04cc82f8, 0x04d60000)
  to   space 768K,   0% used [0x04be0000, 0x04be0000, 0x04ca0000)
 tenured generation   total 15536K, used 6841K [0x09b10000, 0x0aa3c000, 0x145c0000)
   the space 15536K,  44% used [0x09b10000, 0x0a1be770, 0x0a1be800, 0x0aa3c000)
 compacting perm gen  total 12288K, used 8658K [0x145c0000, 0x151c0000, 0x185c0000)
   the space 12288K,  70% used [0x145c0000, 0x14e349b8, 0x14e34a00, 0x151c0000)
No shared spaces configured.
}

