# JRE version: 7.0_25-b16
# Java VM: Java HotSpot(TM) Client VM (23.25-b01 mixed mode windows-x86 )
Heap
 def new generation   total 4992K, used 1016K [0x04760000, 0x04cc0000, 0x09cb0000)
  eden space 4480K,  19% used [0x04760000, 0x04839538, 0x04bc0000)
  from space 512K,  28% used [0x04bc0000, 0x04be4cc8, 0x04c40000)
  to   space 512K,   0% used [0x04c40000, 0x04c40000, 0x04cc0000)
 tenured generation   total 10944K, used 5774K [0x09cb0000, 0x0a760000, 0x14760000)
   the space 10944K,  52% used [0x09cb0000, 0x0a253a18, 0x0a253c00, 0x0a760000)
 compacting perm gen  total 12288K, used 8103K [0x14760000, 0x15360000, 0x18760000)
   the space 12288K,  65% used [0x14760000, 0x14f49ed8, 0x14f4a000, 0x15360000)
GC Heap History (10 events):
Event: 40.778 GC heap before
{Heap before GC invocations=122 (full 9):
 def new generation   total 4992K, used 4019K [0x04760000, 0x04cc0000, 0x09cb0000)
  eden space 4480K,  86% used [0x04760000, 0x04b28cf0, 0x04bc0000)
  from space 512K,  28% used [0x04c40000, 0x04c64240, 0x04cc0000)
  to   space 512K,   0% used [0x04bc0000, 0x04bc0000, 0x04c40000)
 tenured generation   total 10944K, used 9673K [0x09cb0000, 0x0a760000, 0x14760000)
   the space 10944K,  88% used [0x09cb0000, 0x0a6226f8, 0x0a622800, 0x0a760000)
 compacting perm gen  total 12288K, used 8102K [0x14760000, 0x15360000, 0x18760000)
   the space 12288K,  65% used [0x14760000, 0x14f49b08, 0x14f49c00, 0x15360000)
No shared spaces configured.
Event: 40.779 GC heap after
Heap after GC invocations=123 (full 9):
 def new generation   total 4992K, used 88K [0x04760000, 0x04cc0000, 0x09cb0000)
  eden space 4480K,   0% used [0x04760000, 0x04760000, 0x04bc0000)
  from space 512K,  17% used [0x04bc0000, 0x04bd6180, 0x04c40000)
  to   space 512K,   0% used [0x04c40000, 0x04c40000, 0x04cc0000)
 tenured generation   total 10944K, used 9673K [0x09cb0000, 0x0a760000, 0x14760000)
   the space 10944K,  88% used [0x09cb0000, 0x0a6226f8, 0x0a622800, 0x0a760000)
 compacting perm gen  total 12288K, used 8102K [0x14760000, 0x15360000, 0x18760000)
   the space 12288K,  65% used [0x14760000, 0x14f49b08, 0x14f49c00, 0x15360000)
No shared spaces configured.
}
Event: 40.821 GC heap before
{Heap before GC invocations=123 (full 9):
 def new generation   total 4992K, used 4564K [0x04760000, 0x04cc0000, 0x09cb0000)
  eden space 4480K,  99% used [0x04760000, 0x04bbef30, 0x04bc0000)
  from space 512K,  17% used [0x04bc0000, 0x04bd6180, 0x04c40000)
  to   space 512K,   0% used [0x04c40000, 0x04c40000, 0x04cc0000)
 tenured generation   total 10944K, used 9673K [0x09cb0000, 0x0a760000, 0x14760000)
   the space 10944K,  88% used [0x09cb0000, 0x0a6226f8, 0x0a622800, 0x0a760000)
 compacting perm gen  total 12288K, used 8102K [0x14760000, 0x15360000, 0x18760000)
   the space 12288K,  65% used [0x14760000, 0x14f49b08, 0x14f49c00, 0x15360000)
No shared spaces configured.
Event: 40.842 GC heap after
Heap after GC invocations=124 (full 10):
 def new generation   total 4992K, used 0K [0x04760000, 0x04cc0000, 0x09cb0000)
  eden space 4480K,   0% used [0x04760000, 0x04760000, 0x04bc0000)
  from space 512K,   0% used [0x04c40000, 0x04c40000, 0x04cc0000)
  to   space 512K,   0% used [0x04bc0000, 0x04bc0000, 0x04c40000)
 tenured generation   total 10944K, used 3821K [0x09cb0000, 0x0a760000, 0x14760000)
   the space 10944K,  34% used [0x09cb0000, 0x0a06b588, 0x0a06b600, 0x0a760000)
 compacting perm gen  total 12288K, used 8102K [0x14760000, 0x15360000, 0x18760000)
   the space 12288K,  65% used [0x14760000, 0x14f49b08, 0x14f49c00, 0x15360000)
No shared spaces configured.
}
Event: 41.630 GC heap before
{Heap before GC invocations=124 (full 10):
 def new generation   total 4992K, used 4480K [0x04760000, 0x04cc0000, 0x09cb0000)
  eden space 4480K, 100% used [0x04760000, 0x04bc0000, 0x04bc0000)
  from space 512K,   0% used [0x04c40000, 0x04c40000, 0x04cc0000)
  to   space 512K,   0% used [0x04bc0000, 0x04bc0000, 0x04c40000)
 tenured generation   total 10944K, used 3821K [0x09cb0000, 0x0a760000, 0x14760000)
   the space 10944K,  34% used [0x09cb0000, 0x0a06b588, 0x0a06b600, 0x0a760000)
 compacting perm gen  total 12288K, used 8102K [0x14760000, 0x15360000, 0x18760000)
   the space 12288K,  65% used [0x14760000, 0x14f49b08, 0x14f49c00, 0x15360000)
No shared spaces configured.
Event: 41.630 GC heap after
Heap after GC invocations=125 (full 10):
 def new generation   total 4992K, used 34K [0x04760000, 0x04cc0000, 0x09cb0000)
  eden space 4480K,   0% used [0x04760000, 0x04760000, 0x04bc0000)
  from space 512K,   6% used [0x04bc0000, 0x04bc8988, 0x04c40000)
  to   space 512K,   0% used [0x04c40000, 0x04c40000, 0x04cc0000)
 tenured generation   total 10944K, used 3821K [0x09cb0000, 0x0a760000, 0x14760000)
   the space 10944K,  34% used [0x09cb0000, 0x0a06b588, 0x0a06b600, 0x0a760000)
 compacting perm gen  total 12288K, used 8102K [0x14760000, 0x15360000, 0x18760000)
   the space 12288K,  65% used [0x14760000, 0x14f49b08, 0x14f49c00, 0x15360000)
No shared spaces configured.
}
Event: 42.060 GC heap before
{Heap before GC invocations=125 (full 10):
 def new generation   total 4992K, used 4509K [0x04760000, 0x04cc0000, 0x09cb0000)
  eden space 4480K,  99% used [0x04760000, 0x04bbeb40, 0x04bc0000)
  from space 512K,   6% used [0x04bc0000, 0x04bc8988, 0x04c40000)
  to   space 512K,   0% used [0x04c40000, 0x04c40000, 0x04cc0000)
 tenured generation   total 10944K, used 3821K [0x09cb0000, 0x0a760000, 0x14760000)
   the space 10944K,  34% used [0x09cb0000, 0x0a06b588, 0x0a06b600, 0x0a760000)
 compacting perm gen  total 12288K, used 8102K [0x14760000, 0x15360000, 0x18760000)
   the space 12288K,  65% used [0x14760000, 0x14f49b18, 0x14f49c00, 0x15360000)
No shared spaces configured.
Event: 42.062 GC heap after
Heap after GC invocations=126 (full 10):
 def new generation   total 4992K, used 135K [0x04760000, 0x04cc0000, 0x09cb0000)
  eden space 4480K,   0% used [0x04760000, 0x04760000, 0x04bc0000)
  from space 512K,  26% used [0x04c40000, 0x04c61e28, 0x04cc0000)
  to   space 512K,   0% used [0x04bc0000, 0x04bc0000, 0x04c40000)
 tenured generation   total 10944K, used 5774K [0x09cb0000, 0x0a760000, 0x14760000)
   the space 10944K,  52% used [0x09cb0000, 0x0a253a18, 0x0a253c00, 0x0a760000)
 compacting perm gen  total 12288K, used 8102K [0x14760000, 0x15360000, 0x18760000)
   the space 12288K,  65% used [0x14760000, 0x14f49b18, 0x14f49c00, 0x15360000)
No shared spaces configured.
}
Event: 42.383 GC heap before
{Heap before GC invocations=126 (full 10):
 def new generation   total 4992K, used 4615K [0x04760000, 0x04cc0000, 0x09cb0000)
  eden space 4480K, 100% used [0x04760000, 0x04bc0000, 0x04bc0000)
  from space 512K,  26% used [0x04c40000, 0x04c61e28, 0x04cc0000)
  to   space 512K,   0% used [0x04bc0000, 0x04bc0000, 0x04c40000)
 tenured generation   total 10944K, used 5774K [0x09cb0000, 0x0a760000, 0x14760000)
   the space 10944K,  52% used [0x09cb0000, 0x0a253a18, 0x0a253c00, 0x0a760000)
 compacting perm gen  total 12288K, used 8102K [0x14760000, 0x15360000, 0x18760000)
   the space 12288K,  65% used [0x14760000, 0x14f49b18, 0x14f49c00, 0x15360000)
No shared spaces configured.
Event: 42.385 GC heap after
Heap after GC invocations=127 (full 10):
 def new generation   total 4992K, used 147K [0x04760000, 0x04cc0000, 0x09cb0000)
  eden space 4480K,   0% used [0x04760000, 0x04760000, 0x04bc0000)
  from space 512K,  28% used [0x04bc0000, 0x04be4cc8, 0x04c40000)
  to   space 512K,   0% used [0x04c40000, 0x04c40000, 0x04cc0000)
 tenured generation   total 10944K, used 5774K [0x09cb0000, 0x0a760000, 0x14760000)
   the space 10944K,  52% used [0x09cb0000, 0x0a253a18, 0x0a253c00, 0x0a760000)
 compacting perm gen  total 12288K, used 8102K [0x14760000, 0x15360000, 0x18760000)
   the space 12288K,  65% used [0x14760000, 0x14f49b18, 0x14f49c00, 0x15360000)
No shared spaces configured.
}

